# JRE version: Java(TM) SE Runtime Environment (22.0.1+8) (build 22.0.1+8-16)
# Java VM: Java HotSpot(TM) 64-Bit Server VM (22.0.1+8-16, mixed mode, sharing, tiered, compressed oops, compressed class ptrs, g1 gc, windows-amd64)
GC Precious Log:
 CardTable entry size: 512
 Card Set container configuration: InlinePtr #cards 5 size 8 Array Of Cards #cards 12 size 40 Howl #buckets 4 coarsen threshold 1843 Howl Bitmap #cards 512 size 80 coarsen threshold 460 Card regions per heap region 1 cards per card region 2048
 CPUs: 8 total, 8 available
 Memory: 7103M
 Large Page Support: Disabled
 NUMA Support: Disabled
 Compressed Oops: Enabled (32-bit)
 Heap Region Size: 1M
 Heap Min Capacity: 8M
 Heap Initial Capacity: 8M
 Heap Max Capacity: 1776M
 Pre-touch: Disabled
 Parallel Workers: 8
 Concurrent Workers: 2
 Concurrent Refinement Workers: 8
 Periodic GC: Disabled
Heap:
 garbage-first heap   total reserved 1818624K, committed 20480K, used 10980K [0x0000000091000000, 0x0000000100000000)
  region size 1024K, 5 young (5120K), 2 survivors (2048K)
 Metaspace       used 9523K, committed 9728K, reserved 1114112K
  class space    used 1094K, committed 1216K, reserved 1048576K
GC Heap History (20 events):
Event: 0.653 GC heap before
{Heap before GC invocations=0 (full 0):
 garbage-first heap   total reserved 1818624K, committed 8192K, used 4096K [0x0000000091000000, 0x0000000100000000)
  region size 1024K, 4 young (4096K), 0 survivors (0K)
 Metaspace       used 5158K, committed 5376K, reserved 1114112K
  class space    used 644K, committed 768K, reserved 1048576K
}
Event: 0.663 GC heap after
{Heap after GC invocations=1 (full 0):
 garbage-first heap   total reserved 1818624K, committed 8192K, used 1568K [0x0000000091000000, 0x0000000100000000)
  region size 1024K, 1 young (1024K), 1 survivors (1024K)
 Metaspace       used 5158K, committed 5376K, reserved 1114112K
  class space    used 644K, committed 768K, reserved 1048576K
}
Event: 0.998 GC heap before
{Heap before GC invocations=1 (full 0):
 garbage-first heap   total reserved 1818624K, committed 8192K, used 3616K [0x0000000091000000, 0x0000000100000000)
  region size 1024K, 3 young (3072K), 1 survivors (1024K)
 Metaspace       used 7622K, committed 7744K, reserved 1114112K
  class space    used 878K, committed 960K, reserved 1048576K
}
Event: 1.006 GC heap after
{Heap after GC invocations=2 (full 0):
 garbage-first heap   total reserved 1818624K, committed 8192K, used 2710K [0x0000000091000000, 0x0000000100000000)
  region size 1024K, 1 young (1024K), 1 survivors (1024K)
 Metaspace       used 7622K, committed 7744K, reserved 1114112K
  class space    used 878K, committed 960K, reserved 1048576K
}
Event: 1.238 GC heap before
{Heap before GC invocations=2 (full 0):
 garbage-first heap   total reserved 1818624K, committed 8192K, used 4758K [0x0000000091000000, 0x0000000100000000)
  region size 1024K, 3 young (3072K), 1 survivors (1024K)
 Metaspace       used 8069K, committed 8256K, reserved 1114112K
  class space    used 930K, committed 1024K, reserved 1048576K
}
Event: 1.244 GC heap after
{Heap after GC invocations=3 (full 0):
 garbage-first heap   total reserved 1818624K, committed 8192K, used 3300K [0x0000000091000000, 0x0000000100000000)
  region size 1024K, 1 young (1024K), 1 survivors (1024K)
 Metaspace       used 8069K, committed 8256K, reserved 1114112K
  class space    used 930K, committed 1024K, reserved 1048576K
}
Event: 1.561 GC heap before
{Heap before GC invocations=3 (full 0):
 garbage-first heap   total reserved 1818624K, committed 8192K, used 5348K [0x0000000091000000, 0x0000000100000000)
  region size 1024K, 3 young (3072K), 1 survivors (1024K)
 Metaspace       used 8649K, committed 8832K, reserved 1114112K
  class space    used 1000K, committed 1088K, reserved 1048576K
}
Event: 1.567 GC heap after
{Heap after GC invocations=4 (full 0):
 garbage-first heap   total reserved 1818624K, committed 8192K, used 4502K [0x0000000091000000, 0x0000000100000000)
  region size 1024K, 1 young (1024K), 1 survivors (1024K)
 Metaspace       used 8649K, committed 8832K, reserved 1114112K
  class space    used 1000K, committed 1088K, reserved 1048576K
}
Event: 1.682 GC heap before
{Heap before GC invocations=4 (full 0):
 garbage-first heap   total reserved 1818624K, committed 8192K, used 5526K [0x0000000091000000, 0x0000000100000000)
  region size 1024K, 2 young (2048K), 1 survivors (1024K)
 Metaspace       used 8860K, committed 8960K, reserved 1114112K
  class space    used 1023K, committed 1088K, reserved 1048576K
}
Event: 1.686 GC heap after
{Heap after GC invocations=5 (full 0):
 garbage-first heap   total reserved 1818624K, committed 10240K, used 4670K [0x0000000091000000, 0x0000000100000000)
  region size 1024K, 1 young (1024K), 1 survivors (1024K)
 Metaspace       used 8860K, committed 8960K, reserved 1114112K
  class space    used 1023K, committed 1088K, reserved 1048576K
}
Event: 1.723 GC heap before
{Heap before GC invocations=6 (full 0):
 garbage-first heap   total reserved 1818624K, committed 10240K, used 6718K [0x0000000091000000, 0x0000000100000000)
  region size 1024K, 3 young (3072K), 1 survivors (1024K)
 Metaspace       used 8881K, committed 9024K, reserved 1114112K
  class space    used 1023K, committed 1088K, reserved 1048576K
}
Event: 1.726 GC heap after
{Heap after GC invocations=7 (full 0):
 garbage-first heap   total reserved 1818624K, committed 10240K, used 4885K [0x0000000091000000, 0x0000000100000000)
  region size 1024K, 1 young (1024K), 1 survivors (1024K)
 Metaspace       used 8881K, committed 9024K, reserved 1114112K
  class space    used 1023K, committed 1088K, reserved 1048576K
}
Event: 1.795 GC heap before
{Heap before GC invocations=7 (full 0):
 garbage-first heap   total reserved 1818624K, committed 10240K, used 6933K [0x0000000091000000, 0x0000000100000000)
  region size 1024K, 3 young (3072K), 1 survivors (1024K)
 Metaspace       used 8957K, committed 9152K, reserved 1114112K
  class space    used 1031K, committed 1088K, reserved 1048576K
}
Event: 1.798 GC heap after
{Heap after GC invocations=8 (full 0):
 garbage-first heap   total reserved 1818624K, committed 10240K, used 5177K [0x0000000091000000, 0x0000000100000000)
  region size 1024K, 1 young (1024K), 1 survivors (1024K)
 Metaspace       used 8957K, committed 9152K, reserved 1114112K
  class space    used 1031K, committed 1088K, reserved 1048576K
}
Event: 1.819 GC heap before
{Heap before GC invocations=9 (full 0):
 garbage-first heap   total reserved 1818624K, committed 10240K, used 7225K [0x0000000091000000, 0x0000000100000000)
  region size 1024K, 3 young (3072K), 1 survivors (1024K)
 Metaspace       used 8975K, committed 9152K, reserved 1114112K
  class space    used 1031K, committed 1088K, reserved 1048576K
}
Event: 1.821 GC heap after
{Heap after GC invocations=10 (full 0):
 garbage-first heap   total reserved 1818624K, committed 10240K, used 5467K [0x0000000091000000, 0x0000000100000000)
  region size 1024K, 1 young (1024K), 1 survivors (1024K)
 Metaspace       used 8975K, committed 9152K, reserved 1114112K
  class space    used 1031K, committed 1088K, reserved 1048576K
}
Event: 1.885 GC heap before
{Heap before GC invocations=10 (full 0):
 garbage-first heap   total reserved 1818624K, committed 10240K, used 7515K [0x0000000091000000, 0x0000000100000000)
  region size 1024K, 3 young (3072K), 1 survivors (1024K)
 Metaspace       used 9056K, committed 9216K, reserved 1114112K
  class space    used 1042K, committed 1088K, reserved 1048576K
}
Event: 1.889 GC heap after
{Heap after GC invocations=11 (full 0):
 garbage-first heap   total reserved 1818624K, committed 20480K, used 5846K [0x0000000091000000, 0x0000000100000000)
  region size 1024K, 1 young (1024K), 1 survivors (1024K)
 Metaspace       used 9056K, committed 9216K, reserved 1114112K
  class space    used 1042K, committed 1088K, reserved 1048576K
}
Event: 2.007 GC heap before
{Heap before GC invocations=12 (full 0):
 garbage-first heap   total reserved 1818624K, committed 20480K, used 15062K [0x0000000091000000, 0x0000000100000000)
  region size 1024K, 10 young (10240K), 1 survivors (1024K)
 Metaspace       used 9085K, committed 9216K, reserved 1114112K
  class space    used 1043K, committed 1088K, reserved 1048576K
}
Event: 2.015 GC heap after
{Heap after GC invocations=13 (full 0):
 garbage-first heap   total reserved 1818624K, committed 20480K, used 7159K [0x0000000091000000, 0x0000000100000000)
  region size 1024K, 2 young (2048K), 2 survivors (2048K)
 Metaspace       used 9085K, committed 9216K, reserved 1114112K
  class space    used 1043K, committed 1088K, reserved 1048576K
}

